<?xml version="1.0" encoding="UTF-8"?>
<testng-results skipped="0" failed="0" ignored="0" total="1" passed="1">
  <reporter-output>
  </reporter-output>
  <suite name="Default suite" duration-ms="12958" started-at="2020-03-07T10:04:25 IST" finished-at="2020-03-07T10:04:38 IST">
    <groups>
    </groups>
    <test name="Default test" duration-ms="12958" started-at="2020-03-07T10:04:25 IST" finished-at="2020-03-07T10:04:38 IST">
      <class name="UITestCases.loginTest">
        <test-method status="PASS" signature="setUp()[pri:0, instance:UITestCases.loginTest@c055c54]" name="setUp" is-config="true" duration-ms="12654" started-at="2020-03-07T10:04:25 IST" finished-at="2020-03-07T10:04:37 IST">
          <reporter-output>
          </reporter-output>
        </test-method> <!-- setUp -->
        <test-method status="PASS" signature="login()[pri:0, instance:UITestCases.loginTest@c055c54]" name="login" duration-ms="197" started-at="2020-03-07T10:04:37 IST" finished-at="2020-03-07T10:04:38 IST">
          <reporter-output>
          </reporter-output>
        </test-method> <!-- login -->
      </class> <!-- UITestCases.loginTest -->
    </test> <!-- Default test -->
  </suite> <!-- Default suite -->
</testng-results>
